<?xml version="1.0" encoding="UTF-8"?>
<!-- Generated by org.testng.reporters.JUnitReportReporter -->
<testsuite hostname="LAPTOP-GB0R114P" failures="0" tests="1" name="TestScript.SampleLoginTest$LoginTest" time="0.008" errors="0" timestamp="2024-02-12T15:39:15 IST" skipped="0">
  <testcase classname="TestScript.SampleLoginTest$LoginTest" name="testCase" time="0.008"/>
  <system-out/>
</testsuite> <!-- TestScript.SampleLoginTest$LoginTest -->
