<?xml version="1.0" encoding="UTF-8"?>
<!-- Generated by org.testng.reporters.JUnitReportReporter -->
<testsuite hostname="LAPTOP-GB0R114P" failures="0" tests="1" name="TestScript.Sample1Test" time="0.009" errors="0" timestamp="2024-02-09T12:32:06 IST" skipped="0">
  <testcase classname="TestScript.Sample1Test" name="testcase" time="0.009"/>
  <system-out>
    <![CDATA[sample1test executed]]>
  </system-out>
</testsuite> <!-- TestScript.Sample1Test -->
