<?xml version="1.0" encoding="UTF-8"?>
<!-- Generated by org.testng.reporters.JUnitReportReporter -->
<testsuite hostname="LAPTOP-GB0R114P" failures="0" tests="1" name="TestScript.Sample1_Test" time="0.000" errors="0" timestamp="2024-02-12T11:30:06 IST" skipped="0">
  <testcase classname="TestScript.Sample1_Test" name="testCase" time="0.000"/>
  <system-out>
    <![CDATA[sample test is executing
Mitali@gmail.com
Mitali@123]]>
  </system-out>
</testsuite> <!-- TestScript.Sample1_Test -->
