<?xml version="1.0" encoding="UTF-8"?>
<!-- Generated by org.testng.reporters.JUnitReportReporter -->
<testsuite hostname="LAPTOP-GB0R114P" failures="0" tests="1" name="TestScript.Program2Test" time="6.967" errors="0" timestamp="2024-02-12T15:25:37 IST" skipped="0">
  <testcase classname="TestScript.Program2Test" name="testCase" time="6.967"/>
  <system-out/>
</testsuite> <!-- TestScript.Program2Test -->
