<?xml version="1.0" encoding="UTF-8"?>
<!-- Generated by org.testng.reporters.JUnitReportReporter -->
<testsuite hostname="LAPTOP-GB0R114P" failures="0" tests="1" name="TestScript.LoginTest" time="2.320" errors="0" timestamp="2024-02-12T12:47:39 IST" skipped="0">
  <testcase classname="TestScript.LoginTest" name="login" time="2.320"/>
  <system-out/>
</testsuite> <!-- TestScript.LoginTest -->
