<?xml version="1.0" encoding="UTF-8"?>
<!-- Generated by org.testng.reporters.JUnitReportReporter -->
<testsuite hostname="LAPTOP-GB0R114P" failures="0" tests="2" name="TestScript.DigitalDownloadTest" time="6.076" errors="0" timestamp="2024-02-12T12:47:39 IST" skipped="0">
  <testcase classname="TestScript.DigitalDownloadTest" name="login" time="2.849"/>
  <system-out/>
  <testcase classname="TestScript.DigitalDownloadTest" name="digitalDownload" time="3.227"/>
  <system-out/>
</testsuite> <!-- TestScript.DigitalDownloadTest -->
