<?xml version="1.0" encoding="UTF-8"?>
<!-- Generated by org.testng.reporters.JUnitReportReporter -->
<testsuite hostname="LAPTOP-GB0R114P" failures="0" tests="1" name="TestScript.RegistrationTest" time="2.519" errors="0" timestamp="2024-02-09T15:45:40 IST" skipped="0">
  <testcase classname="TestScript.RegistrationTest" name="registration" time="2.519"/>
  <system-out>
    <![CDATA[kavade@123456]]>
  </system-out>
</testsuite> <!-- TestScript.RegistrationTest -->
