<?xml version="1.0" encoding="UTF-8"?>
<!-- Generated by org.testng.reporters.JUnitReportReporter -->
<testsuite hostname="LAPTOP-GB0R114P" failures="0" tests="3" name="TestScript.ShoppingCartTest" time="7.989" errors="0" timestamp="2024-02-12T12:47:39 IST" skipped="0">
  <testcase classname="TestScript.ShoppingCartTest" name="login" time="1.877"/>
  <system-out/>
  <testcase classname="TestScript.ShoppingCartTest" name="shoppingcart" time="2.980"/>
  <system-out/>
  <testcase classname="TestScript.ShoppingCartTest" name="checkout" time="3.132"/>
  <system-out/>
</testsuite> <!-- TestScript.ShoppingCartTest -->
