<?xml version="1.0" encoding="UTF-8"?>
<!-- Generated by org.testng.reporters.JUnitReportReporter -->
<testsuite hostname="LAPTOP-GB0R114P" failures="0" tests="1" name="TestScript.ProgramTest" time="1.042" errors="0" timestamp="2024-02-12T15:13:20 IST" skipped="0">
  <testcase classname="TestScript.ProgramTest" name="testCase" time="1.042"/>
  <system-out/>
</testsuite> <!-- TestScript.ProgramTest -->
